This is pdfTeX, Version 3.1415926-2.5-1.40.14 (TeX Live 2013/Debian) (format=pdflatex 2014.10.8)  30 SEP 2016 01:45
entering extended mode
 restricted \write18 enabled.
 %&-line parsing enabled.
**rsc.tex
(./rsc.tex
LaTeX2e <2011/06/27>
Babel <3.9h> and hyphenation patterns for 78 languages loaded.
(/usr/share/texlive/texmf-dist/tex/latex/base/article.cls
Document Class: article 2007/10/19 v1.4h Standard LaTeX document class
(/usr/share/texlive/texmf-dist/tex/latex/base/size12.clo
File: size12.clo 2007/10/19 v1.4h Standard LaTeX file (size option)
)
\c@part=\count79
\c@section=\count80
\c@subsection=\count81
\c@subsubsection=\count82
\c@paragraph=\count83
\c@subparagraph=\count84
\c@figure=\count85
\c@table=\count86
\abovecaptionskip=\skip41
\belowcaptionskip=\skip42
\bibindent=\dimen102
)
(/usr/share/texlive/texmf-dist/tex/latex/geometry/geometry.sty
Package: geometry 2010/09/12 v5.6 Page Geometry

(/usr/share/texlive/texmf-dist/tex/latex/graphics/keyval.sty
Package: keyval 1999/03/16 v1.13 key=value parser (DPC)
\KV@toks@=\toks14
)
(/usr/share/texlive/texmf-dist/tex/generic/oberdiek/ifpdf.sty
Package: ifpdf 2011/01/30 v2.3 Provides the ifpdf switch (HO)
Package ifpdf Info: pdfTeX in PDF mode is detected.
)
(/usr/share/texlive/texmf-dist/tex/generic/oberdiek/ifvtex.sty
Package: ifvtex 2010/03/01 v1.5 Detect VTeX and its facilities (HO)
Package ifvtex Info: VTeX not detected.
)
(/usr/share/texlive/texmf-dist/tex/generic/ifxetex/ifxetex.sty
Package: ifxetex 2010/09/12 v0.6 Provides ifxetex conditional
)
\Gm@cnth=\count87
\Gm@cntv=\count88
\c@Gm@tempcnt=\count89
\Gm@bindingoffset=\dimen103
\Gm@wd@mp=\dimen104
\Gm@odd@mp=\dimen105
\Gm@even@mp=\dimen106
\Gm@layoutwidth=\dimen107
\Gm@layoutheight=\dimen108
\Gm@layouthoffset=\dimen109
\Gm@layoutvoffset=\dimen110
\Gm@dimlist=\toks15
)
(/usr/share/texlive/texmf-dist/tex/generic/babel/babel.sty
Package: babel 2013/12/03 3.9h The Babel package

(/usr/share/texlive/texmf-dist/tex/generic/babel-portuges/portuges.ldf
Language: portuges 2008/03/18 v1.2q Portuguese support from the babel system

(/usr/share/texlive/texmf-dist/tex/generic/babel/babel.def
File: babel.def 2013/12/03 3.9h Babel common definitions
\babel@savecnt=\count90
\U@D=\dimen111
)
\l@brazil = a dialect from \language\l@portuges 
Package babel Info: Making " an active character on input line 145.
)
(/usr/share/texlive/texmf-dist/tex/generic/babel-english/english.ldf
Language: english 2012/08/20 v3.3p English support from the babel system
\l@canadian = a dialect from \language\l@american 
\l@australian = a dialect from \language\l@british 
\l@newzealand = a dialect from \language\l@british 
))
(/usr/share/texlive/texmf-dist/tex/latex/base/inputenc.sty
Package: inputenc 2008/03/30 v1.1d Input encoding file
\inpenc@prehook=\toks16
\inpenc@posthook=\toks17

(/usr/share/texlive/texmf-dist/tex/latex/ucs/utf8x.def
File: utf8x.def 2004/10/17 UCS: Input encoding UTF-8
))
(/usr/share/texlive/texmf-dist/tex/latex/ucs/ucs.sty
Package: ucs 2013/05/11 v2.2 UCS: Unicode input support

(/usr/share/texlive/texmf-dist/tex/latex/ucs/data/uni-global.def
File: uni-global.def 2013/05/13 UCS: Unicode global data
)
\uc@secondtry=\count91
\uc@combtoks=\toks18
\uc@combtoksb=\toks19
\uc@temptokena=\toks20
)
(/usr/share/texlive/texmf-dist/tex/latex/base/fontenc.sty
Package: fontenc 2005/09/27 v1.99g Standard LaTeX package

(/usr/share/texlive/texmf-dist/tex/latex/base/t1enc.def
File: t1enc.def 2005/09/27 v1.99g Standard LaTeX file
LaTeX Font Info:    Redeclaring font encoding T1 on input line 43.
))
(/usr/share/texlive/texmf-dist/tex/latex/lipsum/lipsum.sty
Package: lipsum 2011/04/14 v1.2 150 paragraphs of Lorem Ipsum dummy text
\c@lips@count=\count92
)
(/usr/share/texlive/texmf-dist/tex/latex/fancyhdr/fancyhdr.sty
\fancy@headwidth=\skip43
\f@ncyO@elh=\skip44
\f@ncyO@erh=\skip45
\f@ncyO@olh=\skip46
\f@ncyO@orh=\skip47
\f@ncyO@elf=\skip48
\f@ncyO@erf=\skip49
\f@ncyO@olf=\skip50
\f@ncyO@orf=\skip51
)
(/usr/share/texlive/texmf-dist/tex/latex/graphics/graphicx.sty
Package: graphicx 1999/02/16 v1.0f Enhanced LaTeX Graphics (DPC,SPQR)

(/usr/share/texlive/texmf-dist/tex/latex/graphics/graphics.sty
Package: graphics 2009/02/05 v1.0o Standard LaTeX Graphics (DPC,SPQR)

(/usr/share/texlive/texmf-dist/tex/latex/graphics/trig.sty
Package: trig 1999/03/16 v1.09 sin cos tan (DPC)
)
(/usr/share/texlive/texmf-dist/tex/latex/latexconfig/graphics.cfg
File: graphics.cfg 2010/04/23 v1.9 graphics configuration of TeX Live
)
Package graphics Info: Driver file: pdftex.def on input line 91.

(/usr/share/texlive/texmf-dist/tex/latex/pdftex-def/pdftex.def
File: pdftex.def 2011/05/27 v0.06d Graphics/color for pdfTeX

(/usr/share/texlive/texmf-dist/tex/generic/oberdiek/infwarerr.sty
Package: infwarerr 2010/04/08 v1.3 Providing info/warning/error messages (HO)
)
(/usr/share/texlive/texmf-dist/tex/generic/oberdiek/ltxcmds.sty
Package: ltxcmds 2011/11/09 v1.22 LaTeX kernel commands for general use (HO)
)
\Gread@gobject=\count93
))
\Gin@req@height=\dimen112
\Gin@req@width=\dimen113
)
(/usr/share/texmf/tex/latex/xcolor/xcolor.sty
Package: xcolor 2007/01/21 v2.11 LaTeX color extensions (UK)

(/usr/share/texlive/texmf-dist/tex/latex/latexconfig/color.cfg
File: color.cfg 2007/01/18 v1.5 color configuration of teTeX/TeXLive
)
Package xcolor Info: Driver file: pdftex.def on input line 225.
Package xcolor Info: Model `cmy' substituted by `cmy0' on input line 1337.
Package xcolor Info: Model `hsb' substituted by `rgb' on input line 1341.
Package xcolor Info: Model `RGB' extended on input line 1353.
Package xcolor Info: Model `HTML' substituted by `rgb' on input line 1355.
Package xcolor Info: Model `Hsb' substituted by `hsb' on input line 1356.
Package xcolor Info: Model `tHsb' substituted by `hsb' on input line 1357.
Package xcolor Info: Model `HSB' substituted by `hsb' on input line 1358.
Package xcolor Info: Model `Gray' substituted by `gray' on input line 1359.
Package xcolor Info: Model `wave' substituted by `hsb' on input line 1360.
)
(/usr/share/texlive/texmf-dist/tex/latex/makecell/makecell.sty
Package: makecell 2009/08/03 V0.1e Managing of Tab Column Heads and Cells

(/usr/share/texlive/texmf-dist/tex/latex/tools/array.sty
Package: array 2008/09/09 v2.4c Tabular extension package (FMi)
\col@sep=\dimen114
\extrarowheight=\dimen115
\NC@list=\toks21
\extratabsurround=\skip52
\backup@length=\skip53
)
\rotheadsize=\dimen116
\c@nlinenum=\count94
\TeXr@lab=\toks22
)
(/usr/share/texlive/texmf-dist/tex/latex/psnfss/helvet.sty
Package: helvet 2005/04/12 PSNFSS-v9.2a (WaS) 
)
(/usr/share/texlive/texmf-dist/tex/latex/blindtext/blindtext.sty
Package: blindtext 2012/01/06 V2.0 blindtext-Package

(/usr/share/texlive/texmf-dist/tex/latex/tools/xspace.sty
Package: xspace 2009/10/20 v1.13 Space after command names (DPC,MH)
)
\c@blindtext=\count95
\c@Blindtext=\count96
\c@blind@countparstart=\count97
\blind@countxx=\count98
\blindtext@numBlindtext=\count99
\blind@countyy=\count100
\c@blindlist=\count101
\c@blindlistlevel=\count102
\c@blindlist@level=\count103
\blind@listitem=\count104
\c@blind@listcount=\count105
\c@blind@levelcount=\count106
\blind@mathformula=\count107
\blind@Mathformula=\count108
\c@blind@randomcount=\count109
\c@blind@randommax=\count110
\c@blind@pangramcount=\count111
\c@blind@pangrammax=\count112
)
(/usr/share/texlive/texmf-dist/tex/latex/amsmath/amsmath.sty
Package: amsmath 2013/01/14 v2.14 AMS math features
\@mathmargin=\skip54

For additional information on amsmath, use the `?' option.
(/usr/share/texlive/texmf-dist/tex/latex/amsmath/amstext.sty
Package: amstext 2000/06/29 v2.01

(/usr/share/texlive/texmf-dist/tex/latex/amsmath/amsgen.sty
File: amsgen.sty 1999/11/30 v2.0
\@emptytoks=\toks23
\ex@=\dimen117
))
(/usr/share/texlive/texmf-dist/tex/latex/amsmath/amsbsy.sty
Package: amsbsy 1999/11/29 v1.2d
\pmbraise@=\dimen118
)
(/usr/share/texlive/texmf-dist/tex/latex/amsmath/amsopn.sty
Package: amsopn 1999/12/14 v2.01 operator names
)
\inf@bad=\count113
LaTeX Info: Redefining \frac on input line 210.
\uproot@=\count114
\leftroot@=\count115
LaTeX Info: Redefining \overline on input line 306.
\classnum@=\count116
\DOTSCASE@=\count117
LaTeX Info: Redefining \ldots on input line 378.
LaTeX Info: Redefining \dots on input line 381.
LaTeX Info: Redefining \cdots on input line 466.
\Mathstrutbox@=\box26
\strutbox@=\box27
\big@size=\dimen119
LaTeX Font Info:    Redeclaring font encoding OML on input line 566.
LaTeX Font Info:    Redeclaring font encoding OMS on input line 567.
\macc@depth=\count118
\c@MaxMatrixCols=\count119
\dotsspace@=\muskip10
\c@parentequation=\count120
\dspbrk@lvl=\count121
\tag@help=\toks24
\row@=\count122
\column@=\count123
\maxfields@=\count124
\andhelp@=\toks25
\eqnshift@=\dimen120
\alignsep@=\dimen121
\tagshift@=\dimen122
\tagwidth@=\dimen123
\totwidth@=\dimen124
\lineht@=\dimen125
\@envbody=\toks26
\multlinegap=\skip55
\multlinetaggap=\skip56
\mathdisplay@stack=\toks27
LaTeX Info: Redefining \[ on input line 2665.
LaTeX Info: Redefining \] on input line 2666.
)
(/usr/share/texlive/texmf-dist/tex/latex/changepage/changepage.sty
Package: changepage 2009/10/20 v1.0c check page and change page layout
\c@cp@cntr=\count125
\cp@tempcnt=\count126
)
(/usr/share/texmf/tex/latex/pgf/frontendlayer/tikz.sty
(/usr/share/texmf/tex/latex/pgf/basiclayer/pgf.sty
(/usr/share/texmf/tex/latex/pgf/utilities/pgfrcs.sty
(/usr/share/texmf/tex/generic/pgf/utilities/pgfutil-common.tex
\pgfutil@everybye=\toks28
)
(/usr/share/texmf/tex/generic/pgf/utilities/pgfutil-latex.def
\pgfutil@abb=\box28

(/usr/share/texlive/texmf-dist/tex/latex/ms/everyshi.sty
Package: everyshi 2001/05/15 v3.00 EveryShipout Package (MS)
))
(/usr/share/texmf/tex/generic/pgf/utilities/pgfrcs.code.tex
Package: pgfrcs 2010/10/25 v2.10 (rcs-revision 1.24)
))
Package: pgf 2008/01/15 v2.10 (rcs-revision 1.12)

(/usr/share/texmf/tex/latex/pgf/basiclayer/pgfcore.sty
(/usr/share/texmf/tex/latex/pgf/systemlayer/pgfsys.sty
(/usr/share/texmf/tex/generic/pgf/systemlayer/pgfsys.code.tex
Package: pgfsys 2010/06/30 v2.10 (rcs-revision 1.37)

(/usr/share/texmf/tex/generic/pgf/utilities/pgfkeys.code.tex
\pgfkeys@pathtoks=\toks29
\pgfkeys@temptoks=\toks30

(/usr/share/texmf/tex/generic/pgf/utilities/pgfkeysfiltered.code.tex
\pgfkeys@tmptoks=\toks31
))
\pgf@x=\dimen126
\pgf@y=\dimen127
\pgf@xa=\dimen128
\pgf@ya=\dimen129
\pgf@xb=\dimen130
\pgf@yb=\dimen131
\pgf@xc=\dimen132
\pgf@yc=\dimen133
\w@pgf@writea=\write3
\r@pgf@reada=\read1
\c@pgf@counta=\count127
\c@pgf@countb=\count128
\c@pgf@countc=\count129
\c@pgf@countd=\count130

(/usr/share/texmf/tex/generic/pgf/systemlayer/pgf.cfg
File: pgf.cfg 2008/05/14  (rcs-revision 1.7)
)
Package pgfsys Info: Driver file for pgf: pgfsys-pdftex.def on input line 900.

(/usr/share/texmf/tex/generic/pgf/systemlayer/pgfsys-pdftex.def
File: pgfsys-pdftex.def 2009/05/22  (rcs-revision 1.26)

(/usr/share/texmf/tex/generic/pgf/systemlayer/pgfsys-common-pdf.def
File: pgfsys-common-pdf.def 2008/05/19  (rcs-revision 1.10)
)))
(/usr/share/texmf/tex/generic/pgf/systemlayer/pgfsyssoftpath.code.tex
File: pgfsyssoftpath.code.tex 2008/07/18  (rcs-revision 1.7)
\pgfsyssoftpath@smallbuffer@items=\count131
\pgfsyssoftpath@bigbuffer@items=\count132
)
(/usr/share/texmf/tex/generic/pgf/systemlayer/pgfsysprotocol.code.tex
File: pgfsysprotocol.code.tex 2006/10/16  (rcs-revision 1.4)
))
(/usr/share/texmf/tex/generic/pgf/basiclayer/pgfcore.code.tex
Package: pgfcore 2010/04/11 v2.10 (rcs-revision 1.7)

(/usr/share/texmf/tex/generic/pgf/math/pgfmath.code.tex
(/usr/share/texmf/tex/generic/pgf/math/pgfmathcalc.code.tex
(/usr/share/texmf/tex/generic/pgf/math/pgfmathutil.code.tex)
(/usr/share/texmf/tex/generic/pgf/math/pgfmathparser.code.tex
\pgfmath@dimen=\dimen134
\pgfmath@count=\count133
\pgfmath@box=\box29
\pgfmath@toks=\toks32
\pgfmath@stack@operand=\toks33
\pgfmath@stack@operation=\toks34
)
(/usr/share/texmf/tex/generic/pgf/math/pgfmathfunctions.code.tex
(/usr/share/texmf/tex/generic/pgf/math/pgfmathfunctions.basic.code.tex)
(/usr/share/texmf/tex/generic/pgf/math/pgfmathfunctions.trigonometric.code.tex)
(/usr/share/texmf/tex/generic/pgf/math/pgfmathfunctions.random.code.tex)
(/usr/share/texmf/tex/generic/pgf/math/pgfmathfunctions.comparison.code.tex)
(/usr/share/texmf/tex/generic/pgf/math/pgfmathfunctions.base.code.tex)
(/usr/share/texmf/tex/generic/pgf/math/pgfmathfunctions.round.code.tex)
(/usr/share/texmf/tex/generic/pgf/math/pgfmathfunctions.misc.code.tex)))
(/usr/share/texmf/tex/generic/pgf/math/pgfmathfloat.code.tex
\c@pgfmathroundto@lastzeros=\count134
))
(/usr/share/texmf/tex/generic/pgf/basiclayer/pgfcorepoints.code.tex
File: pgfcorepoints.code.tex 2010/04/09  (rcs-revision 1.20)
\pgf@picminx=\dimen135
\pgf@picmaxx=\dimen136
\pgf@picminy=\dimen137
\pgf@picmaxy=\dimen138
\pgf@pathminx=\dimen139
\pgf@pathmaxx=\dimen140
\pgf@pathminy=\dimen141
\pgf@pathmaxy=\dimen142
\pgf@xx=\dimen143
\pgf@xy=\dimen144
\pgf@yx=\dimen145
\pgf@yy=\dimen146
\pgf@zx=\dimen147
\pgf@zy=\dimen148
)
(/usr/share/texmf/tex/generic/pgf/basiclayer/pgfcorepathconstruct.code.tex
File: pgfcorepathconstruct.code.tex 2010/08/03  (rcs-revision 1.24)
\pgf@path@lastx=\dimen149
\pgf@path@lasty=\dimen150
)
(/usr/share/texmf/tex/generic/pgf/basiclayer/pgfcorepathusage.code.tex
File: pgfcorepathusage.code.tex 2008/04/22  (rcs-revision 1.12)
\pgf@shorten@end@additional=\dimen151
\pgf@shorten@start@additional=\dimen152
)
(/usr/share/texmf/tex/generic/pgf/basiclayer/pgfcorescopes.code.tex
File: pgfcorescopes.code.tex 2010/09/08  (rcs-revision 1.34)
\pgfpic=\box30
\pgf@hbox=\box31
\pgf@layerbox@main=\box32
\pgf@picture@serial@count=\count135
)
(/usr/share/texmf/tex/generic/pgf/basiclayer/pgfcoregraphicstate.code.tex
File: pgfcoregraphicstate.code.tex 2008/04/22  (rcs-revision 1.9)
\pgflinewidth=\dimen153
)
(/usr/share/texmf/tex/generic/pgf/basiclayer/pgfcoretransformations.code.tex
File: pgfcoretransformations.code.tex 2009/06/10  (rcs-revision 1.11)
\pgf@pt@x=\dimen154
\pgf@pt@y=\dimen155
\pgf@pt@temp=\dimen156
)
(/usr/share/texmf/tex/generic/pgf/basiclayer/pgfcorequick.code.tex
File: pgfcorequick.code.tex 2008/10/09  (rcs-revision 1.3)
)
(/usr/share/texmf/tex/generic/pgf/basiclayer/pgfcoreobjects.code.tex
File: pgfcoreobjects.code.tex 2006/10/11  (rcs-revision 1.2)
)
(/usr/share/texmf/tex/generic/pgf/basiclayer/pgfcorepathprocessing.code.tex
File: pgfcorepathprocessing.code.tex 2008/10/09  (rcs-revision 1.8)
)
(/usr/share/texmf/tex/generic/pgf/basiclayer/pgfcorearrows.code.tex
File: pgfcorearrows.code.tex 2008/04/23  (rcs-revision 1.11)
)
(/usr/share/texmf/tex/generic/pgf/basiclayer/pgfcoreshade.code.tex
File: pgfcoreshade.code.tex 2008/11/23  (rcs-revision 1.13)
\pgf@max=\dimen157
\pgf@sys@shading@range@num=\count136
)
(/usr/share/texmf/tex/generic/pgf/basiclayer/pgfcoreimage.code.tex
File: pgfcoreimage.code.tex 2010/03/25  (rcs-revision 1.16)

(/usr/share/texmf/tex/generic/pgf/basiclayer/pgfcoreexternal.code.tex
File: pgfcoreexternal.code.tex 2010/09/01  (rcs-revision 1.17)
\pgfexternal@startupbox=\box33
))
(/usr/share/texmf/tex/generic/pgf/basiclayer/pgfcorelayers.code.tex
File: pgfcorelayers.code.tex 2010/08/27  (rcs-revision 1.2)
)
(/usr/share/texmf/tex/generic/pgf/basiclayer/pgfcoretransparency.code.tex
File: pgfcoretransparency.code.tex 2008/01/17  (rcs-revision 1.2)
)
(/usr/share/texmf/tex/generic/pgf/basiclayer/pgfcorepatterns.code.tex
File: pgfcorepatterns.code.tex 2009/07/02  (rcs-revision 1.3)
)))
(/usr/share/texmf/tex/generic/pgf/modules/pgfmoduleshapes.code.tex
File: pgfmoduleshapes.code.tex 2010/09/09  (rcs-revision 1.13)
\pgfnodeparttextbox=\box34
)
(/usr/share/texmf/tex/generic/pgf/modules/pgfmoduleplot.code.tex
File: pgfmoduleplot.code.tex 2010/10/22  (rcs-revision 1.8)
)
(/usr/share/texmf/tex/latex/pgf/compatibility/pgfcomp-version-0-65.sty
Package: pgfcomp-version-0-65 2007/07/03 v2.10 (rcs-revision 1.7)
\pgf@nodesepstart=\dimen158
\pgf@nodesepend=\dimen159
)
(/usr/share/texmf/tex/latex/pgf/compatibility/pgfcomp-version-1-18.sty
Package: pgfcomp-version-1-18 2007/07/23 v2.10 (rcs-revision 1.1)
))
(/usr/share/texmf/tex/latex/pgf/utilities/pgffor.sty
(/usr/share/texmf/tex/latex/pgf/utilities/pgfkeys.sty
(/usr/share/texmf/tex/generic/pgf/utilities/pgfkeys.code.tex))
(/usr/share/texmf/tex/generic/pgf/utilities/pgffor.code.tex
Package: pgffor 2010/03/23 v2.10 (rcs-revision 1.18)
\pgffor@iter=\dimen160
\pgffor@skip=\dimen161
\pgffor@stack=\toks35
\pgffor@toks=\toks36
))
(/usr/share/texmf/tex/generic/pgf/frontendlayer/tikz/tikz.code.tex
Package: tikz 2010/10/13 v2.10 (rcs-revision 1.76)

(/usr/share/texmf/tex/generic/pgf/libraries/pgflibraryplothandlers.code.tex
File: pgflibraryplothandlers.code.tex 2010/05/31 v2.10 (rcs-revision 1.15)
\pgf@plot@mark@count=\count137
\pgfplotmarksize=\dimen162
)
\tikz@lastx=\dimen163
\tikz@lasty=\dimen164
\tikz@lastxsaved=\dimen165
\tikz@lastysaved=\dimen166
\tikzleveldistance=\dimen167
\tikzsiblingdistance=\dimen168
\tikz@figbox=\box35
\tikz@tempbox=\box36
\tikztreelevel=\count138
\tikznumberofchildren=\count139
\tikznumberofcurrentchild=\count140
\tikz@fig@count=\count141

(/usr/share/texmf/tex/generic/pgf/modules/pgfmodulematrix.code.tex
File: pgfmodulematrix.code.tex 2010/08/24  (rcs-revision 1.4)
\pgfmatrixcurrentrow=\count142
\pgfmatrixcurrentcolumn=\count143
\pgf@matrix@numberofcolumns=\count144
)
\tikz@expandcount=\count145

(/usr/share/texmf/tex/generic/pgf/frontendlayer/tikz/libraries/tikzlibrarytopat
hs.code.tex
File: tikzlibrarytopaths.code.tex 2008/06/17 v2.10 (rcs-revision 1.2)
))) (/usr/share/texlive/texmf-dist/tex/generic/xint/xintexpr.sty
Package xintexpr Info: now issuing \RequirePackage{xintfrac} on input line 64.

(/usr/share/texlive/texmf-dist/tex/generic/xint/xintfrac.sty
Package xintfrac Info: now issuing \RequirePackage{xint} on input line 64.

(/usr/share/texlive/texmf-dist/tex/generic/xint/xint.sty
Package xint Info: now issuing \RequirePackage{xinttools} on input line 64.

(/usr/share/texlive/texmf-dist/tex/generic/xint/xinttools.sty
Package: xinttools 2014/02/13 v1.09kb Expandable and non-expandable utilities (
jfB)
\XINT_toks=\toks37
)
Package: xint 2014/02/13 v1.09kb Expandable operations on long numbers (jfB)
\xint_c_x^viii=\count146
)
Package: xintfrac 2014/02/13 v1.09kb Expandable operations on fractions (jfB)
)
Package: xintexpr 2014/02/13 v1.09kb Expandable expression parser (jfB)
)
(/usr/share/texlive/texmf-dist/tex/latex/caption/caption.sty
Package: caption 2013/05/02 v3.3-89 Customizing captions (AR)

(/usr/share/texlive/texmf-dist/tex/latex/caption/caption3.sty
Package: caption3 2013/05/02 v1.6-88 caption3 kernel (AR)
Package caption3 Info: TeX engine: e-TeX on input line 57.
\captionmargin=\dimen169
\captionmargin@=\dimen170
\captionwidth=\dimen171
\caption@tempdima=\dimen172
\caption@indent=\dimen173
\caption@parindent=\dimen174
\caption@hangindent=\dimen175
)
\c@ContinuedFloat=\count147
)
(/usr/share/texlive/texmf-dist/tex/latex/tocloft/tocloft.sty
Package: tocloft 2013/05/02 v2.3f parameterised ToC, etc., typesetting
Package tocloft Info: The document has section divisions on input line 44.
\cftparskip=\skip57
\cftbeforetoctitleskip=\skip58
\cftaftertoctitleskip=\skip59
\cftbeforepartskip=\skip60
\cftpartnumwidth=\skip61
\cftpartindent=\skip62
\cftbeforesecskip=\skip63
\cftsecindent=\skip64
\cftsecnumwidth=\skip65
\cftbeforesubsecskip=\skip66
\cftsubsecindent=\skip67
\cftsubsecnumwidth=\skip68
\cftbeforesubsubsecskip=\skip69
\cftsubsubsecindent=\skip70
\cftsubsubsecnumwidth=\skip71
\cftbeforeparaskip=\skip72
\cftparaindent=\skip73
\cftparanumwidth=\skip74
\cftbeforesubparaskip=\skip75
\cftsubparaindent=\skip76
\cftsubparanumwidth=\skip77
\cftbeforeloftitleskip=\skip78
\cftafterloftitleskip=\skip79
\cftbeforefigskip=\skip80
\cftfigindent=\skip81
\cftfignumwidth=\skip82
\c@lofdepth=\count148
\c@lotdepth=\count149
\cftbeforelottitleskip=\skip83
\cftafterlottitleskip=\skip84
\cftbeforetabskip=\skip85
\cfttabindent=\skip86
\cfttabnumwidth=\skip87
)
(/usr/share/texlive/texmf-dist/tex/latex/etoolbox/etoolbox.sty
Package: etoolbox 2011/01/03 v2.1 e-TeX tools for LaTeX

(/usr/share/texlive/texmf-dist/tex/latex/etex-pkg/etex.sty
Package: etex 1998/03/26 v2.0 eTeX basic definition package (PEB)
\et@xins=\count150
)
\etb@tempcnta=\count151
)
(/usr/share/texlive/texmf-dist/tex/latex/pdfpages/pdfpages.sty
Package: pdfpages 2013/08/25 v0.4v Insert pages of external PDF documents (AM)

(/usr/share/texlive/texmf-dist/tex/latex/base/ifthen.sty
Package: ifthen 2001/05/26 v1.1c Standard LaTeX ifthen package (DPC)
)
(/usr/share/texlive/texmf-dist/tex/latex/tools/calc.sty
Package: calc 2007/08/22 v4.3 Infix arithmetic (KKT,FJ)
\calc@Acount=\count152
\calc@Bcount=\count153
\calc@Adimen=\dimen176
\calc@Bdimen=\dimen177
\calc@Askip=\skip88
\calc@Bskip=\skip89
LaTeX Info: Redefining \setlength on input line 76.
LaTeX Info: Redefining \addtolength on input line 77.
\calc@Ccount=\count154
\calc@Cskip=\skip90
)
(/usr/share/texlive/texmf-dist/tex/latex/eso-pic/eso-pic.sty
Package: eso-pic 2013/10/06 v2.0d eso-pic (RN)

(/usr/share/texlive/texmf-dist/tex/generic/oberdiek/atbegshi.sty
Package: atbegshi 2011/10/05 v1.16 At begin shipout hook (HO)
))
(/usr/share/texlive/texmf-dist/tex/latex/pdfpages/pppdftex.def
File: pppdftex.def 2013/08/25 v0.4v Pdfpages driver for pdfTeX (AM)
)
\AM@pagebox=\box37
\AM@toc@title=\toks38
\c@AM@survey=\count155
\AM@templatesizebox=\box38
)
(/usr/share/texlive/texmf-dist/tex/latex/oberdiek/refcount.sty
Package: refcount 2011/10/16 v3.4 Data extraction from label references (HO)
)
(/usr/share/texlive/texmf-dist/tex/latex/hyphenat/hyphenat.sty
Package: hyphenat 2009/09/02 v2.3c hyphenation utilities
\langwohyphens=\language79
LaTeX Info: Redefining \_ on input line 43.
) (./rsc.aux
(./nao-editar/rsc-variaveis-funcoes.aux) (./rsc-dados.aux)
(./nao-editar/rsc-anexo-i.aux) (./nao-editar/rsc-anexo-ii.aux)
(./nao-editar/rsc-sumario-processo.aux)
(./nao-editar/rsc-relatorio-descritivo.aux)
(./nao-editar/rsc-relatorio-descritivo-sumario.aux)
(./rsc-descricao-itinerario-formacao-titulacao.aux)
(./rsc-descricao-atuacao-docente.aux)
(./rsc-indicacao-descricao-producao-academica.aux)
(./rsc-descricao-atividades-prestacao-servico.aux)
(./rsc-indicacao-descricao-atividade-administracao.aux)
(./rsc-indicacao-titulos-premios-aprovacoes.aux)
(./nao-editar/empty/antes-documentacao-probatoria-formacao.aux)
(./nao-editar/rsc-documentacao-probatoria-formacao.aux)
(./rsc-documentacao-probatoria-formacao-comprovantes.aux)
(./nao-editar/empty/antes-documentacao-probatoria-rsc-i.aux)
(./nao-editar/rsc-documentacao-probatoria-rsc-i.aux)
(./rsc-documentacao-probatoria-rsc-i-comprovantes.aux)
(./nao-editar/empty/antes-documentacao-probatoria-rsc-ii.aux)
(./nao-editar/rsc-documentacao-probatoria-rsc-ii.aux)
(./rsc-documentacao-probatoria-rsc-ii-comprovantes.aux)
(./nao-editar/empty/antes-documentacao-probatoria-rsc-iii.aux)
(./nao-editar/rsc-documentacao-probatoria-rsc-iii.aux)
(./rsc-documentacao-probatoria-rsc-iii-comprovantes.aux)
(./nao-editar/empty/fim-documento.aux))
\openout1 = `rsc.aux'.

LaTeX Font Info:    Checking defaults for OML/cmm/m/it on input line 49.
LaTeX Font Info:    ... okay on input line 49.
LaTeX Font Info:    Checking defaults for T1/cmr/m/n on input line 49.
LaTeX Font Info:    ... okay on input line 49.
LaTeX Font Info:    Checking defaults for OT1/cmr/m/n on input line 49.
LaTeX Font Info:    ... okay on input line 49.
LaTeX Font Info:    Checking defaults for OMS/cmsy/m/n on input line 49.
LaTeX Font Info:    ... okay on input line 49.
LaTeX Font Info:    Checking defaults for OMX/cmex/m/n on input line 49.
LaTeX Font Info:    ... okay on input line 49.
LaTeX Font Info:    Checking defaults for U/cmr/m/n on input line 49.
LaTeX Font Info:    ... okay on input line 49.
LaTeX Font Info:    Try loading font information for T1+phv on input line 49.

(/usr/share/texlive/texmf-dist/tex/latex/psnfss/t1phv.fd
File: t1phv.fd 2001/06/04 scalable font definitions for T1/phv.
)
*geometry* driver: auto-detecting
*geometry* detected driver: pdftex
*geometry* verbose mode - [ preamble ] result:
* driver: pdftex
* paper: a4paper
* layout: <same size as paper>
* layoutoffset:(h,v)=(0.0pt,0.0pt)
* modes: 
* h-part:(L,W,R)=(36.135pt, 525.23788pt, 36.135pt)
* v-part:(T,H,B)=(72.26999pt, 628.23686pt, 144.54pt)
* \paperwidth=597.50787pt
* \paperheight=845.04684pt
* \textwidth=525.23788pt
* \textheight=628.23686pt
* \oddsidemargin=-36.135pt
* \evensidemargin=-36.135pt
* \topmargin=-37.0pt
* \headheight=12.0pt
* \headsep=25.0pt
* \topskip=12.0pt
* \footskip=36.135pt
* \marginparwidth=35.0pt
* \marginparsep=10.0pt
* \columnsep=10.0pt
* \skip\footins=10.8pt plus 4.0pt minus 2.0pt
* \hoffset=0.0pt
* \voffset=0.0pt
* \mag=1000
* \@twocolumnfalse
* \@twosidefalse
* \@mparswitchfalse
* \@reversemarginfalse
* (1in=72.27pt=25.4mm, 1cm=28.453pt)

(/usr/share/texlive/texmf-dist/tex/latex/ucs/ucsencs.def
File: ucsencs.def 2011/01/21 Fixes to fontencodings LGR, T3
)
(/usr/share/texlive/texmf-dist/tex/context/base/supp-pdf.mkii
[Loading MPS to PDF converter (version 2006.09.02).]
\scratchcounter=\count156
\scratchdimen=\dimen178
\scratchbox=\box39
\nofMPsegments=\count157
\nofMParguments=\count158
\everyMPshowfont=\toks39
\MPscratchCnt=\count159
\MPscratchDim=\dimen179
\MPnumerator=\count160
\makeMPintoPDFobject=\count161
\everyMPtoPDFconversion=\toks40
) (/usr/share/texlive/texmf-dist/tex/generic/oberdiek/pdftexcmds.sty
Package: pdftexcmds 2011/11/29 v0.20 Utility functions of pdfTeX for LuaTeX (HO
)

(/usr/share/texlive/texmf-dist/tex/generic/oberdiek/ifluatex.sty
Package: ifluatex 2010/03/01 v1.3 Provides the ifluatex switch (HO)
Package ifluatex Info: LuaTeX not detected.
)
Package pdftexcmds Info: LuaTeX not detected.
Package pdftexcmds Info: \pdf@primitive is available.
Package pdftexcmds Info: \pdf@ifprimitive is available.
Package pdftexcmds Info: \pdfdraftmode found.
)
(/usr/share/texlive/texmf-dist/tex/latex/oberdiek/epstopdf-base.sty
Package: epstopdf-base 2010/02/09 v2.5 Base part for package epstopdf

(/usr/share/texlive/texmf-dist/tex/latex/oberdiek/grfext.sty
Package: grfext 2010/08/19 v1.1 Manage graphics extensions (HO)

(/usr/share/texlive/texmf-dist/tex/generic/oberdiek/kvdefinekeys.sty
Package: kvdefinekeys 2011/04/07 v1.3 Define keys (HO)
))
(/usr/share/texlive/texmf-dist/tex/latex/oberdiek/kvoptions.sty
Package: kvoptions 2011/06/30 v3.11 Key value format for package options (HO)

(/usr/share/texlive/texmf-dist/tex/generic/oberdiek/kvsetkeys.sty
Package: kvsetkeys 2012/04/25 v1.16 Key value parser (HO)

(/usr/share/texlive/texmf-dist/tex/generic/oberdiek/etexcmds.sty
Package: etexcmds 2011/02/16 v1.5 Avoid name clashes with e-TeX commands (HO)
Package etexcmds Info: Could not find \expanded.
(etexcmds)             That can mean that you are not using pdfTeX 1.50 or
(etexcmds)             that some package has redefined \expanded.
(etexcmds)             In the latter case, load this package earlier.
)))
Package grfext Info: Graphics extension search list:
(grfext)             [.png,.pdf,.jpg,.mps,.jpeg,.jbig2,.jb2,.PNG,.PDF,.JPG,.JPE
G,.JBIG2,.JB2,.eps]
(grfext)             \AppendGraphicsExtensions on input line 452.

(/usr/share/texlive/texmf-dist/tex/latex/latexconfig/epstopdf-sys.cfg
File: epstopdf-sys.cfg 2010/07/13 v1.3 Configuration of (r)epstopdf for TeX Liv
e
))
ABD: EveryShipout initializing macros
Package caption Info: Begin \AtBeginDocument code.
Package caption Info: End \AtBeginDocument code.
\AtBeginShipoutBox=\box40
\openout2 = `nao-editar/rsc-variaveis-funcoes.aux'.

 (./nao-editar/rsc-variaveis-funcoes.tex

Package Fancyhdr Warning: \fancyhead's `E' option without twoside option is use
less on input line 7.


Package Fancyhdr Warning: \fancyhead's `E' option without twoside option is use
less on input line 8.


Package Fancyhdr Warning: \fancyhead's `E' option without twoside option is use
less on input line 9.


Package Fancyhdr Warning: \fancyhead's `E' option without twoside option is use
less on input line 10.

\nomeservidor=\toks41
\datanascimento=\toks42
\siape=\toks43
\email=\toks44
\nivel=\toks45
\classe=\toks46
\dataingressoservicopublico=\toks47
\dataingressoif=\toks48
\formacao=\toks49
\tempoefetivoexercicio=\toks50
\rscpretendida=\toks51
\cpf=\toks52
\campus=\toks53
\instituicao=\toks54
\rscipontosi=\toks55
\rscipontosii=\toks56
\rscipontosiii=\toks57
\rscipontosiv=\toks58
\rscipontosv=\toks59
\rscipontosvi=\toks60
\rscipontosvii=\toks61
\rscipontosviii=\toks62
\rsciipontosi=\toks63
\rsciipontosii=\toks64
\rsciipontosiii=\toks65
\rsciipontosiv=\toks66
\rsciipontosv=\toks67
\rsciipontosvi=\toks68
\rsciipontosvii=\toks69
\rsciipontostotal=\toks70
\rsciiipontosi=\toks71
\rsciiipontosii=\toks72
\rsciiipontosiii=\toks73
\rsciiipontosiv=\toks74
\rsciiipontosv=\toks75
\rsciiipontosvi=\toks76
\rsciiipontosvii=\toks77
\rsciiipontostotal=\toks78
)
\openout2 = `rsc-dados.aux'.

 (./rsc-dados.tex)
\openout2 = `nao-editar/rsc-anexo-i.aux'.

 (./nao-editar/rsc-anexo-i.tex
LaTeX Font Info:    Font shape `T1/phv/bx/n' in size <12> not available
(Font)              Font shape `T1/phv/b/n' tried instead on input line 2.
LaTeX Font Info:    Font shape `T1/phv/bx/n' in size <14.4> not available
(Font)              Font shape `T1/phv/b/n' tried instead on input line 2.

(/usr/share/texlive/texmf-dist/tex/latex/ucs/data/uni-0.def
File: uni-0.def 2013/05/13 UCS: Unicode data U+0000..U+00FF
)
Overfull \hbox (12.8pt too wide) in paragraph at lines 11--39
 [][] 
 []


Overfull \hbox (7.89447pt too wide) in paragraph at lines 42--51
[]\T1/phv/m/n/12 Eu $[]$, pro-fes-sor da car-reira de En-sino Básico, Téc-nico 
e Tec-nológico (EBTT),
 []


Underfull \hbox (badness 10000) in paragraph at lines 42--51

 []


Underfull \hbox (badness 10000) in paragraph at lines 42--51

 []


Underfull \hbox (badness 10000) in paragraph at lines 42--51

 []

) <nao-editar/logo_ifsudeste.jpg, id=4, 136.8312pt x 56.8524pt>
File: nao-editar/logo_ifsudeste.jpg Graphic file (type jpg)

<use nao-editar/logo_ifsudeste.jpg>
Package pdftex.def Info: nao-editar/logo_ifsudeste.jpg used on input line 57.
(pdftex.def)             Requested size: 142.26378pt x 59.11034pt.

<nao-editar/brasao-brasil.png, id=5, 396.48125pt x 397.485pt>
File: nao-editar/brasao-brasil.png Graphic file (type png)

<use nao-editar/brasao-brasil.png>
Package pdftex.def Info: nao-editar/brasao-brasil.png used on input line 57.
(pdftex.def)             Requested size: 56.9055pt x 57.04855pt.

(/usr/share/texlive/texmf-dist/tex/latex/ucs/data/uni-32.def
File: uni-32.def 2013/05/13 UCS: Unicode data U+2000..U+20FF
) [1{/var/lib/texmf/fonts/map/pdftex/updmap/pdftex.map}






 <./nao-editar/logo_ifsudeste.jpg> <./nao-editar/brasao-brasil.png>]
\openout2 = `nao-editar/rsc-anexo-ii.aux'.

 (./nao-editar/rsc-anexo-ii.tex
Overfull \hbox (12.8pt too wide) in paragraph at lines 10--27
 [][] 
 []


Overfull \hbox (7.89447pt too wide) in paragraph at lines 29--58
[]\T1/phv/m/n/12 Eu $[]$, pro-fes-sor da car-reira de En-sino Básico, Téc-nico 
e Tec-nológico (EBTT),
 []

File: nao-editar/logo_ifsudeste.jpg Graphic file (type jpg)
<use nao-editar/logo_ifsudeste.jpg>
Package pdftex.def Info: nao-editar/logo_ifsudeste.jpg used on input line 59.
(pdftex.def)             Requested size: 142.26378pt x 59.11034pt.
File: nao-editar/brasao-brasil.png Graphic file (type png)
 <use nao-editar/brasao-brasil.png>
Package pdftex.def Info: nao-editar/brasao-brasil.png used on input line 59.
(pdftex.def)             Requested size: 56.9055pt x 57.04855pt.
 [2


])
File: nao-editar/logo_ifsudeste.jpg Graphic file (type jpg)

<use nao-editar/logo_ifsudeste.jpg>
Package pdftex.def Info: nao-editar/logo_ifsudeste.jpg used on input line 59.
(pdftex.def)             Requested size: 142.26378pt x 59.11034pt.
File: nao-editar/brasao-brasil.png Graphic file (type png)
 <use nao-editar/brasao-brasil.png>
Package pdftex.def Info: nao-editar/brasao-brasil.png used on input line 59.
(pdftex.def)             Requested size: 56.9055pt x 57.04855pt.
 [3]
\openout2 = `nao-editar/rsc-sumario-processo.aux'.


(./nao-editar/rsc-sumario-processo.tex
LaTeX Font Info:    Font shape `T1/phv/bx/it' in size <12> not available
(Font)              Font shape `T1/phv/b/it' tried instead on input line 2.
LaTeX Font Info:    Font shape `T1/phv/b/it' in size <12> not available
(Font)              Font shape `T1/phv/b/sl' tried instead on input line 2.
LaTeX Font Info:    Font shape `T1/phv/bx/it' in size <14.4> not available
(Font)              Font shape `T1/phv/b/it' tried instead on input line 2.
LaTeX Font Info:    Font shape `T1/phv/b/it' in size <14.4> not available
(Font)              Font shape `T1/phv/b/sl' tried instead on input line 2.
)
File: nao-editar/logo_ifsudeste.jpg Graphic file (type jpg)
 <use nao-editar/logo_ifsudeste.jpg>
Package pdftex.def Info: nao-editar/logo_ifsudeste.jpg used on input line 61.
(pdftex.def)             Requested size: 142.26378pt x 59.11034pt.
File: nao-editar/brasao-brasil.png Graphic file (type png)

<use nao-editar/brasao-brasil.png>
Package pdftex.def Info: nao-editar/brasao-brasil.png used on input line 61.
(pdftex.def)             Requested size: 56.9055pt x 57.04855pt.
 [4


]
\openout2 = `nao-editar/rsc-relatorio-descritivo.aux'.


(./nao-editar/rsc-relatorio-descritivo.tex
LaTeX Font Info:    Font shape `T1/phv/bx/n' in size <17.28> not available
(Font)              Font shape `T1/phv/b/n' tried instead on input line 4.
)
File: nao-editar/logo_ifsudeste.jpg Graphic file (type jpg)

<use nao-editar/logo_ifsudeste.jpg>
Package pdftex.def Info: nao-editar/logo_ifsudeste.jpg used on input line 64.
(pdftex.def)             Requested size: 142.26378pt x 59.11034pt.
File: nao-editar/brasao-brasil.png Graphic file (type png)
 <use nao-editar/brasao-brasil.png>
Package pdftex.def Info: nao-editar/brasao-brasil.png used on input line 64.
(pdftex.def)             Requested size: 56.9055pt x 57.04855pt.
 [5


]
\openout2 = `nao-editar/rsc-relatorio-descritivo-sumario.aux'.


(./nao-editar/rsc-relatorio-descritivo-sumario.tex (./rsc.toc
Overfull \hbox (0.35396pt too wide) in paragraph at lines 5--5
 [][] []\T1/phv/b/n/12 Indicação e de-scrição de pro-dução acadêmica, técnico-c
ientí-fica, literária e/ou artís- 
 []

)
\tf@toc=\write4
\openout4 = `rsc.toc'.

)

Package Fancyhdr Warning: \fancyhead's `E' option without twoside option is use
less on input line 71.


Package Fancyhdr Warning: \fancyhead's `E' option without twoside option is use
less on input line 71.


Package Fancyhdr Warning: \fancyhead's `E' option without twoside option is use
less on input line 71.


Package Fancyhdr Warning: \fancyhead's `E' option without twoside option is use
less on input line 71.

File: nao-editar/logo_ifsudeste.jpg Graphic file (type jpg)
<use nao-editar/logo_ifsudeste.jpg>
Package pdftex.def Info: nao-editar/logo_ifsudeste.jpg used on input line 71.
(pdftex.def)             Requested size: 142.26378pt x 59.11034pt.
File: nao-editar/brasao-brasil.png Graphic file (type png)
 <use nao-editar/brasao-brasil.png>
Package pdftex.def Info: nao-editar/brasao-brasil.png used on input line 71.
(pdftex.def)             Requested size: 56.9055pt x 57.04855pt.
 [1


]
\openout2 = `rsc-descricao-itinerario-formacao-titulacao.aux'.


(./rsc-descricao-itinerario-formacao-titulacao.tex)
File: nao-editar/logo_ifsudeste.jpg Graphic file (type jpg)

<use nao-editar/logo_ifsudeste.jpg>
Package pdftex.def Info: nao-editar/logo_ifsudeste.jpg used on input line 73.
(pdftex.def)             Requested size: 142.26378pt x 59.11034pt.
File: nao-editar/brasao-brasil.png Graphic file (type png)
 <use nao-editar/brasao-brasil.png>
Package pdftex.def Info: nao-editar/brasao-brasil.png used on input line 73.
(pdftex.def)             Requested size: 56.9055pt x 57.04855pt.
 [2


]
\openout2 = `rsc-descricao-atuacao-docente.aux'.


(./rsc-descricao-atuacao-docente.tex)
File: nao-editar/logo_ifsudeste.jpg Graphic file (type jpg)
 <use nao-editar/logo_ifsudeste.jpg>
Package pdftex.def Info: nao-editar/logo_ifsudeste.jpg used on input line 75.
(pdftex.def)             Requested size: 142.26378pt x 59.11034pt.
File: nao-editar/brasao-brasil.png Graphic file (type png)

<use nao-editar/brasao-brasil.png>
Package pdftex.def Info: nao-editar/brasao-brasil.png used on input line 75.
(pdftex.def)             Requested size: 56.9055pt x 57.04855pt.
 [3


]
\openout2 = `rsc-indicacao-descricao-producao-academica.aux'.


(./rsc-indicacao-descricao-producao-academica.tex
Overfull \hbox (2.7162pt too wide) in paragraph at lines 1--1
[]\T1/phv/b/n/17.28 Indicação e de-scrição de pro-dução acadêmica, técnico-cien
tí-
 []

)
File: nao-editar/logo_ifsudeste.jpg Graphic file (type jpg)
 <use nao-editar/logo_ifsudeste.jpg>
Package pdftex.def Info: nao-editar/logo_ifsudeste.jpg used on input line 77.
(pdftex.def)             Requested size: 142.26378pt x 59.11034pt.
File: nao-editar/brasao-brasil.png Graphic file (type png)
 <use nao-editar/brasao-brasil.png>
Package pdftex.def Info: nao-editar/brasao-brasil.png used on input line 77.
(pdftex.def)             Requested size: 56.9055pt x 57.04855pt.

[4


]
\openout2 = `rsc-descricao-atividades-prestacao-servico.aux'.

 (./rsc-descricao-atividades-prestacao-servico.tex)
File: nao-editar/logo_ifsudeste.jpg Graphic file (type jpg)

<use nao-editar/logo_ifsudeste.jpg>
Package pdftex.def Info: nao-editar/logo_ifsudeste.jpg used on input line 79.
(pdftex.def)             Requested size: 142.26378pt x 59.11034pt.
File: nao-editar/brasao-brasil.png Graphic file (type png)
 <use nao-editar/brasao-brasil.png>
Package pdftex.def Info: nao-editar/brasao-brasil.png used on input line 79.
(pdftex.def)             Requested size: 56.9055pt x 57.04855pt.
 [5


]
\openout2 = `rsc-indicacao-descricao-atividade-administracao.aux'.


(./rsc-indicacao-descricao-atividade-administracao.tex)
File: nao-editar/logo_ifsudeste.jpg Graphic file (type jpg)

<use nao-editar/logo_ifsudeste.jpg>
Package pdftex.def Info: nao-editar/logo_ifsudeste.jpg used on input line 81.
(pdftex.def)             Requested size: 142.26378pt x 59.11034pt.
File: nao-editar/brasao-brasil.png Graphic file (type png)
 <use nao-editar/brasao-brasil.png>
Package pdftex.def Info: nao-editar/brasao-brasil.png used on input line 81.
(pdftex.def)             Requested size: 56.9055pt x 57.04855pt.
 [6


]
\openout2 = `rsc-indicacao-titulos-premios-aprovacoes.aux'.


(./rsc-indicacao-titulos-premios-aprovacoes.tex)
File: nao-editar/logo_ifsudeste.jpg Graphic file (type jpg)

<use nao-editar/logo_ifsudeste.jpg>
Package pdftex.def Info: nao-editar/logo_ifsudeste.jpg used on input line 83.
(pdftex.def)             Requested size: 142.26378pt x 59.11034pt.
File: nao-editar/brasao-brasil.png Graphic file (type png)
 <use nao-editar/brasao-brasil.png>
Package pdftex.def Info: nao-editar/brasao-brasil.png used on input line 83.
(pdftex.def)             Requested size: 56.9055pt x 57.04855pt.
 [7


]
\openout2 = `nao-editar/empty/antes-documentacao-probatoria-formacao.aux'.


(./nao-editar/empty/antes-documentacao-probatoria-formacao.tex)
File: nao-editar/logo_ifsudeste.jpg Graphic file (type jpg)

<use nao-editar/logo_ifsudeste.jpg>
Package pdftex.def Info: nao-editar/logo_ifsudeste.jpg used on input line 85.
(pdftex.def)             Requested size: 142.26378pt x 59.11034pt.
File: nao-editar/brasao-brasil.png Graphic file (type png)
 <use nao-editar/brasao-brasil.png>
Package pdftex.def Info: nao-editar/brasao-brasil.png used on input line 85.
(pdftex.def)             Requested size: 56.9055pt x 57.04855pt.
 [8


]
\openout2 = `nao-editar/rsc-documentacao-probatoria-formacao.aux'.


(./nao-editar/rsc-documentacao-probatoria-formacao.tex
LaTeX Font Info:    Font shape `T1/phv/bx/n' in size <20.74> not available
(Font)              Font shape `T1/phv/b/n' tried instead on input line 7.
)
File: nao-editar/logo_ifsudeste.jpg Graphic file (type jpg)

<use nao-editar/logo_ifsudeste.jpg>
Package pdftex.def Info: nao-editar/logo_ifsudeste.jpg used on input line 93.
(pdftex.def)             Requested size: 142.26378pt x 59.11034pt.
File: nao-editar/brasao-brasil.png Graphic file (type png)
 <use nao-editar/brasao-brasil.png>
Package pdftex.def Info: nao-editar/brasao-brasil.png used on input line 93.
(pdftex.def)             Requested size: 56.9055pt x 57.04855pt.
 [6


]
\openout2 = `rsc-documentacao-probatoria-formacao-comprovantes.aux'.


(./rsc-documentacao-probatoria-formacao-comprovantes.tex)
\openout2 = `nao-editar/empty/antes-documentacao-probatoria-rsc-i.aux'.


(./nao-editar/empty/antes-documentacao-probatoria-rsc-i.tex)
File: nao-editar/logo_ifsudeste.jpg Graphic file (type jpg)

<use nao-editar/logo_ifsudeste.jpg>
Package pdftex.def Info: nao-editar/logo_ifsudeste.jpg used on input line 104.
(pdftex.def)             Requested size: 142.26378pt x 59.11034pt.
File: nao-editar/brasao-brasil.png Graphic file (type png)
 <use nao-editar/brasao-brasil.png>
Package pdftex.def Info: nao-editar/brasao-brasil.png used on input line 104.
(pdftex.def)             Requested size: 56.9055pt x 57.04855pt.
 [1




]
\openout2 = `nao-editar/rsc-documentacao-probatoria-rsc-i.aux'.


(./nao-editar/rsc-documentacao-probatoria-rsc-i.tex)
File: nao-editar/logo_ifsudeste.jpg Graphic file (type jpg)

<use nao-editar/logo_ifsudeste.jpg>
Package pdftex.def Info: nao-editar/logo_ifsudeste.jpg used on input line 112.
(pdftex.def)             Requested size: 142.26378pt x 59.11034pt.
File: nao-editar/brasao-brasil.png Graphic file (type png)
 <use nao-editar/brasao-brasil.png>
Package pdftex.def Info: nao-editar/brasao-brasil.png used on input line 112.
(pdftex.def)             Requested size: 56.9055pt x 57.04855pt.
 [7


]
\openout2 = `rsc-documentacao-probatoria-rsc-i-comprovantes.aux'.


(./rsc-documentacao-probatoria-rsc-i-comprovantes.tex)
\openout2 = `nao-editar/empty/antes-documentacao-probatoria-rsc-ii.aux'.


(./nao-editar/empty/antes-documentacao-probatoria-rsc-ii.tex)
File: nao-editar/logo_ifsudeste.jpg Graphic file (type jpg)

<use nao-editar/logo_ifsudeste.jpg>
Package pdftex.def Info: nao-editar/logo_ifsudeste.jpg used on input line 123.
(pdftex.def)             Requested size: 142.26378pt x 59.11034pt.
File: nao-editar/brasao-brasil.png Graphic file (type png)
 <use nao-editar/brasao-brasil.png>
Package pdftex.def Info: nao-editar/brasao-brasil.png used on input line 123.
(pdftex.def)             Requested size: 56.9055pt x 57.04855pt.
 [1




]
\openout2 = `nao-editar/rsc-documentacao-probatoria-rsc-ii.aux'.


(./nao-editar/rsc-documentacao-probatoria-rsc-ii.tex)
File: nao-editar/logo_ifsudeste.jpg Graphic file (type jpg)

<use nao-editar/logo_ifsudeste.jpg>
Package pdftex.def Info: nao-editar/logo_ifsudeste.jpg used on input line 131.
(pdftex.def)             Requested size: 142.26378pt x 59.11034pt.
File: nao-editar/brasao-brasil.png Graphic file (type png)
 <use nao-editar/brasao-brasil.png>
Package pdftex.def Info: nao-editar/brasao-brasil.png used on input line 131.
(pdftex.def)             Requested size: 56.9055pt x 57.04855pt.
 [8


]
\openout2 = `rsc-documentacao-probatoria-rsc-ii-comprovantes.aux'.


(./rsc-documentacao-probatoria-rsc-ii-comprovantes.tex)
\openout2 = `nao-editar/empty/antes-documentacao-probatoria-rsc-iii.aux'.


(./nao-editar/empty/antes-documentacao-probatoria-rsc-iii.tex)
File: nao-editar/logo_ifsudeste.jpg Graphic file (type jpg)

<use nao-editar/logo_ifsudeste.jpg>
Package pdftex.def Info: nao-editar/logo_ifsudeste.jpg used on input line 142.
(pdftex.def)             Requested size: 142.26378pt x 59.11034pt.
File: nao-editar/brasao-brasil.png Graphic file (type png)
 <use nao-editar/brasao-brasil.png>
Package pdftex.def Info: nao-editar/brasao-brasil.png used on input line 142.
(pdftex.def)             Requested size: 56.9055pt x 57.04855pt.
 [1




]
\openout2 = `nao-editar/rsc-documentacao-probatoria-rsc-iii.aux'.


(./nao-editar/rsc-documentacao-probatoria-rsc-iii.tex)
File: nao-editar/logo_ifsudeste.jpg Graphic file (type jpg)

<use nao-editar/logo_ifsudeste.jpg>
Package pdftex.def Info: nao-editar/logo_ifsudeste.jpg used on input line 150.
(pdftex.def)             Requested size: 142.26378pt x 59.11034pt.
File: nao-editar/brasao-brasil.png Graphic file (type png)
 <use nao-editar/brasao-brasil.png>
Package pdftex.def Info: nao-editar/brasao-brasil.png used on input line 150.
(pdftex.def)             Requested size: 56.9055pt x 57.04855pt.
 [9


]
\openout2 = `rsc-documentacao-probatoria-rsc-iii-comprovantes.aux'.


(./rsc-documentacao-probatoria-rsc-iii-comprovantes.tex)
\openout2 = `nao-editar/empty/fim-documento.aux'.


(./nao-editar/empty/fim-documento.tex)
File: nao-editar/logo_ifsudeste.jpg Graphic file (type jpg)
 <use nao-editar/logo_ifsudeste.jpg>
Package pdftex.def Info: nao-editar/logo_ifsudeste.jpg used on input line 161.
(pdftex.def)             Requested size: 142.26378pt x 59.11034pt.
File: nao-editar/brasao-brasil.png Graphic file (type png)

<use nao-editar/brasao-brasil.png>
Package pdftex.def Info: nao-editar/brasao-brasil.png used on input line 161.
(pdftex.def)             Requested size: 56.9055pt x 57.04855pt.
 [1




] (./rsc.aux
(./nao-editar/rsc-variaveis-funcoes.aux) (./rsc-dados.aux)
(./nao-editar/rsc-anexo-i.aux) (./nao-editar/rsc-anexo-ii.aux)
(./nao-editar/rsc-sumario-processo.aux)
(./nao-editar/rsc-relatorio-descritivo.aux)
(./nao-editar/rsc-relatorio-descritivo-sumario.aux)
(./rsc-descricao-itinerario-formacao-titulacao.aux)
(./rsc-descricao-atuacao-docente.aux)
(./rsc-indicacao-descricao-producao-academica.aux)
(./rsc-descricao-atividades-prestacao-servico.aux)
(./rsc-indicacao-descricao-atividade-administracao.aux)
(./rsc-indicacao-titulos-premios-aprovacoes.aux)
(./nao-editar/empty/antes-documentacao-probatoria-formacao.aux)
(./nao-editar/rsc-documentacao-probatoria-formacao.aux)
(./rsc-documentacao-probatoria-formacao-comprovantes.aux)
(./nao-editar/empty/antes-documentacao-probatoria-rsc-i.aux)
(./nao-editar/rsc-documentacao-probatoria-rsc-i.aux)
(./rsc-documentacao-probatoria-rsc-i-comprovantes.aux)
(./nao-editar/empty/antes-documentacao-probatoria-rsc-ii.aux)
(./nao-editar/rsc-documentacao-probatoria-rsc-ii.aux)
(./rsc-documentacao-probatoria-rsc-ii-comprovantes.aux)
(./nao-editar/empty/antes-documentacao-probatoria-rsc-iii.aux)
(./nao-editar/rsc-documentacao-probatoria-rsc-iii.aux)
(./rsc-documentacao-probatoria-rsc-iii-comprovantes.aux)
(./nao-editar/empty/fim-documento.aux))

LaTeX Warning: Label(s) may have changed. Rerun to get cross-references right.

 ) 
Here is how much of TeX's memory you used:
 18403 strings out of 493304
 316757 string characters out of 6139871
 500783 words of memory out of 5000000
 21310 multiletter control sequences out of 15000+600000
 36566 words of font info for 50 fonts, out of 8000000 for 9000
 958 hyphenation exceptions out of 8191
 56i,19n,55p,809b,587s stack positions out of 5000i,500n,10000p,200000b,80000s
{/usr/share/texlive/texmf-dist/fonts/enc/dvips/base/8r.enc}</usr/share/texliv
e/texmf-dist/fonts/type1/urw/helvetic/uhvb8a.pfb></usr/share/texlive/texmf-dist
/fonts/type1/urw/helvetic/uhvbo8a.pfb></usr/share/texlive/texmf-dist/fonts/type
1/urw/helvetic/uhvr8a.pfb>
Output written on rsc.pdf (21 pages, 214201 bytes).
PDF statistics:
 92 PDF objects out of 1000 (max. 8388607)
 62 compressed objects within 1 object stream
 0 named destinations out of 1000 (max. 500000)
 23 words of extra memory for PDF output out of 10000 (max. 10000000)

